<?xml version="1.0" encoding="UTF-8"?>
<!-- Generated by org.testng.reporters.JUnitReportReporter -->
<testsuite hostname="abduls-mbp-2.home" failures="0" tests="9" name="com.example.runner.CucumberRunnerTests" time="173.452" errors="0" timestamp="2024-07-19T00:51:15 PKT" skipped="0">
  <testcase classname="com.example.runner.CucumberRunnerTests" name="runScenario" time="23.697"/>
  <system-out/>
  <testcase classname="com.example.runner.CucumberRunnerTests" name="runScenario" time="16.208"/>
  <system-out/>
  <testcase classname="com.example.runner.CucumberRunnerTests" name="runScenario" time="22.685"/>
  <system-out/>
  <testcase classname="com.example.runner.CucumberRunnerTests" name="runScenario" time="30.334"/>
  <system-out/>
  <testcase classname="com.example.runner.CucumberRunnerTests" name="runScenario" time="28.059"/>
  <system-out/>
  <testcase classname="com.example.runner.CucumberRunnerTests" name="runScenario" time="15.267"/>
  <system-out/>
  <testcase classname="com.example.runner.CucumberRunnerTests" name="runScenario" time="12.046"/>
  <system-out/>
  <testcase classname="com.example.runner.CucumberRunnerTests" name="runScenario" time="11.936"/>
  <system-out/>
  <testcase classname="com.example.runner.CucumberRunnerTests" name="runScenario" time="13.220"/>
  <system-out/>
</testsuite> <!-- com.example.runner.CucumberRunnerTests -->
