<?xml version="1.0" encoding="UTF-8"?>
<!-- Generated by org.testng.reporters.JUnitReportReporter -->
<testsuite hostname="abduls-mbp-2.home" failures="0" tests="10" name="com.example.runner.CucumberRunnerTests" time="171.163" errors="0" timestamp="2024-07-22T00:44:32 PKT" skipped="0">
  <testcase classname="com.example.runner.CucumberRunnerTests" name="runScenario" time="19.736"/>
  <system-out/>
  <testcase classname="com.example.runner.CucumberRunnerTests" name="runScenario" time="13.401"/>
  <system-out/>
  <testcase classname="com.example.runner.CucumberRunnerTests" name="runScenario" time="14.708"/>
  <system-out/>
  <testcase classname="com.example.runner.CucumberRunnerTests" name="runScenario" time="14.759"/>
  <system-out/>
  <testcase classname="com.example.runner.CucumberRunnerTests" name="runScenario" time="13.092"/>
  <system-out/>
  <testcase classname="com.example.runner.CucumberRunnerTests" name="runScenario" time="16.207"/>
  <system-out/>
  <testcase classname="com.example.runner.CucumberRunnerTests" name="runScenario" time="14.596"/>
  <system-out/>
  <testcase classname="com.example.runner.CucumberRunnerTests" name="runScenario" time="31.164"/>
  <system-out/>
  <testcase classname="com.example.runner.CucumberRunnerTests" name="runScenario" time="20.723"/>
  <system-out/>
  <testcase classname="com.example.runner.CucumberRunnerTests" name="runScenario" time="12.777"/>
  <system-out/>
</testsuite> <!-- com.example.runner.CucumberRunnerTests -->
